<?xml version="1.0" encoding="UTF-8"?>
<testng-results skipped="0" failed="0" ignored="0" total="1" passed="1">
  <reporter-output>
  </reporter-output>
  <suite name="Default suite" duration-ms="19614" started-at="2019-11-23T17:44:41Z" finished-at="2019-11-23T17:45:01Z">
    <groups>
    </groups>
    <test name="Default test" duration-ms="19614" started-at="2019-11-23T17:44:41Z" finished-at="2019-11-23T17:45:01Z">
      <class name="edu.screenshot.FacebookScreenShot">
        <test-method status="PASS" signature="captureScreenShot()[pri:0, instance:edu.screenshot.FacebookScreenShot@33f88ab]" name="captureScreenShot" duration-ms="19565" started-at="2019-11-23T17:44:41Z" finished-at="2019-11-23T17:45:01Z">
          <reporter-output>
          </reporter-output>
        </test-method> <!-- captureScreenShot -->
      </class> <!-- edu.screenshot.FacebookScreenShot -->
    </test> <!-- Default test -->
  </suite> <!-- Default suite -->
</testng-results>
