<?xml version="1.0" encoding="UTF-8"?>
<testng-results skipped="0" failed="0" ignored="0" total="4" passed="4">
  <reporter-output>
  </reporter-output>
  <suite name="Default suite" duration-ms="119" started-at="2019-11-16T17:09:52Z" finished-at="2019-11-16T17:09:52Z">
    <groups>
    </groups>
    <test name="Default test" duration-ms="119" started-at="2019-11-16T17:09:52Z" finished-at="2019-11-16T17:09:52Z">
      <class name="TestNG.Prioritization">
        <test-method status="PASS" signature="BeforeEveryTest()[pri:0, instance:TestNG.Prioritization@6cc4c815]" name="BeforeEveryTest" is-config="true" duration-ms="27" started-at="2019-11-16T17:09:52Z" finished-at="2019-11-16T17:09:52Z">
          <reporter-output>
          </reporter-output>
        </test-method> <!-- BeforeEveryTest -->
        <test-method status="PASS" signature="BeforeEveryMethod()[pri:0, instance:TestNG.Prioritization@6cc4c815]" name="BeforeEveryMethod" is-config="true" duration-ms="1" started-at="2019-11-16T17:09:52Z" finished-at="2019-11-16T17:09:52Z">
          <reporter-output>
          </reporter-output>
        </test-method> <!-- BeforeEveryMethod -->
        <test-method status="PASS" signature="f2()[pri:0, instance:TestNG.Prioritization@6cc4c815]" name="f2" duration-ms="12" started-at="2019-11-16T17:09:52Z" finished-at="2019-11-16T17:09:52Z">
          <reporter-output>
          </reporter-output>
        </test-method> <!-- f2 -->
        <test-method status="PASS" signature="AfterEveryMethod()[pri:0, instance:TestNG.Prioritization@6cc4c815]" name="AfterEveryMethod" is-config="true" duration-ms="2" started-at="2019-11-16T17:09:52Z" finished-at="2019-11-16T17:09:52Z">
          <reporter-output>
          </reporter-output>
        </test-method> <!-- AfterEveryMethod -->
        <test-method status="PASS" signature="BeforeEveryMethod()[pri:0, instance:TestNG.Prioritization@6cc4c815]" name="BeforeEveryMethod" is-config="true" duration-ms="1" started-at="2019-11-16T17:09:52Z" finished-at="2019-11-16T17:09:52Z">
          <reporter-output>
          </reporter-output>
        </test-method> <!-- BeforeEveryMethod -->
        <test-method status="PASS" signature="f3()[pri:1, instance:TestNG.Prioritization@6cc4c815]" name="f3" duration-ms="6" started-at="2019-11-16T17:09:52Z" finished-at="2019-11-16T17:09:52Z">
          <reporter-output>
          </reporter-output>
        </test-method> <!-- f3 -->
        <test-method status="PASS" signature="AfterEveryMethod()[pri:0, instance:TestNG.Prioritization@6cc4c815]" name="AfterEveryMethod" is-config="true" duration-ms="2" started-at="2019-11-16T17:09:52Z" finished-at="2019-11-16T17:09:52Z">
          <reporter-output>
          </reporter-output>
        </test-method> <!-- AfterEveryMethod -->
        <test-method status="PASS" signature="BeforeEveryMethod()[pri:0, instance:TestNG.Prioritization@6cc4c815]" name="BeforeEveryMethod" is-config="true" duration-ms="1" started-at="2019-11-16T17:09:52Z" finished-at="2019-11-16T17:09:52Z">
          <reporter-output>
          </reporter-output>
        </test-method> <!-- BeforeEveryMethod -->
        <test-method status="PASS" signature="f1()[pri:2, instance:TestNG.Prioritization@6cc4c815]" name="f1" duration-ms="2" started-at="2019-11-16T17:09:52Z" finished-at="2019-11-16T17:09:52Z">
          <reporter-output>
          </reporter-output>
        </test-method> <!-- f1 -->
        <test-method status="PASS" signature="AfterEveryMethod()[pri:0, instance:TestNG.Prioritization@6cc4c815]" name="AfterEveryMethod" is-config="true" duration-ms="0" started-at="2019-11-16T17:09:52Z" finished-at="2019-11-16T17:09:52Z">
          <reporter-output>
          </reporter-output>
        </test-method> <!-- AfterEveryMethod -->
        <test-method status="PASS" signature="BeforeEveryMethod()[pri:0, instance:TestNG.Prioritization@6cc4c815]" name="BeforeEveryMethod" is-config="true" duration-ms="2" started-at="2019-11-16T17:09:52Z" finished-at="2019-11-16T17:09:52Z">
          <reporter-output>
          </reporter-output>
        </test-method> <!-- BeforeEveryMethod -->
        <test-method status="PASS" signature="f4()[pri:3, instance:TestNG.Prioritization@6cc4c815]" name="f4" duration-ms="2" started-at="2019-11-16T17:09:52Z" finished-at="2019-11-16T17:09:52Z">
          <reporter-output>
          </reporter-output>
        </test-method> <!-- f4 -->
        <test-method status="PASS" signature="AfterEveryMethod()[pri:0, instance:TestNG.Prioritization@6cc4c815]" name="AfterEveryMethod" is-config="true" duration-ms="0" started-at="2019-11-16T17:09:52Z" finished-at="2019-11-16T17:09:52Z">
          <reporter-output>
          </reporter-output>
        </test-method> <!-- AfterEveryMethod -->
        <test-method status="PASS" signature="afterAllTest()[pri:0, instance:TestNG.Prioritization@6cc4c815]" name="afterAllTest" is-config="true" duration-ms="2" started-at="2019-11-16T17:09:52Z" finished-at="2019-11-16T17:09:52Z">
          <reporter-output>
          </reporter-output>
        </test-method> <!-- afterAllTest -->
      </class> <!-- TestNG.Prioritization -->
    </test> <!-- Default test -->
  </suite> <!-- Default suite -->
</testng-results>
