<?xml version="1.0" encoding="UTF-8"?>
<!-- Generated by org.testng.reporters.JUnitXMLReporter -->
<testsuite hostname="kartikey" ignored="0" name="Default test" tests="4" failures="0" timestamp="16 Nov 2019 17:09:52 GMT" time="0.119" errors="0">
  <testcase name="f2" time="0.012" classname="TestNG.Prioritization"/>
  <testcase name="f3" time="0.006" classname="TestNG.Prioritization"/>
  <testcase name="f1" time="0.002" classname="TestNG.Prioritization"/>
  <testcase name="f4" time="0.002" classname="TestNG.Prioritization"/>
</testsuite> <!-- Default test -->
