<?xml version="1.0" encoding="UTF-8"?>
<!-- Generated by org.testng.reporters.JUnitXMLReporter -->
<testsuite hostname="kartikey" ignored="0" name="Default test" tests="3" failures="0" timestamp="17 Nov 2019 17:49:24 GMT" time="69.567" errors="0">
  <testcase name="LoginToDemoTours" time="20.684" classname="dataProvid.DemoTours"/>
  <testcase name="LoginToDemoTours" time="17.332" classname="dataProvid.DemoTours"/>
  <testcase name="LoginToDemoTours" time="18.664" classname="dataProvid.DemoTours"/>
</testsuite> <!-- Default test -->
