<?xml version="1.0" encoding="UTF-8"?>
<testng-results skipped="0" failed="0" ignored="0" total="3" passed="3">
  <reporter-output>
  </reporter-output>
  <suite name="Default suite" duration-ms="69567" started-at="2019-11-17T17:48:15Z" finished-at="2019-11-17T17:49:24Z">
    <groups>
    </groups>
    <test name="Default test" duration-ms="69567" started-at="2019-11-17T17:48:15Z" finished-at="2019-11-17T17:49:24Z">
      <class name="dataProvid.DemoTours">
        <test-method status="PASS" signature="LoginToDemoTours(java.lang.String, java.lang.String)[pri:0, instance:dataProvid.DemoTours@4232c52b]" name="LoginToDemoTours" duration-ms="20684" started-at="2019-11-17T17:48:15Z" data-provider="MercuryTours" finished-at="2019-11-17T17:48:35Z">
          <params>
            <param index="0">
              <value>
                <![CDATA[admin1]]>
              </value>
            </param>
            <param index="1">
              <value>
                <![CDATA[demo1]]>
              </value>
            </param>
          </params>
          <reporter-output>
          </reporter-output>
        </test-method> <!-- LoginToDemoTours -->
        <test-method status="PASS" signature="tearDown()[pri:0, instance:dataProvid.DemoTours@4232c52b]" name="tearDown" is-config="true" duration-ms="3785" started-at="2019-11-17T17:48:35Z" finished-at="2019-11-17T17:48:39Z">
          <reporter-output>
          </reporter-output>
        </test-method> <!-- tearDown -->
        <test-method status="PASS" signature="LoginToDemoTours(java.lang.String, java.lang.String)[pri:0, instance:dataProvid.DemoTours@4232c52b]" name="LoginToDemoTours" duration-ms="17332" started-at="2019-11-17T17:48:39Z" data-provider="MercuryTours" finished-at="2019-11-17T17:48:57Z">
          <params>
            <param index="0">
              <value>
                <![CDATA[admin2]]>
              </value>
            </param>
            <param index="1">
              <value>
                <![CDATA[demo2]]>
              </value>
            </param>
          </params>
          <reporter-output>
          </reporter-output>
        </test-method> <!-- LoginToDemoTours -->
        <test-method status="PASS" signature="tearDown()[pri:0, instance:dataProvid.DemoTours@4232c52b]" name="tearDown" is-config="true" duration-ms="4744" started-at="2019-11-17T17:48:57Z" finished-at="2019-11-17T17:49:01Z">
          <reporter-output>
          </reporter-output>
        </test-method> <!-- tearDown -->
        <test-method status="PASS" signature="LoginToDemoTours(java.lang.String, java.lang.String)[pri:0, instance:dataProvid.DemoTours@4232c52b]" name="LoginToDemoTours" duration-ms="18664" started-at="2019-11-17T17:49:01Z" data-provider="MercuryTours" finished-at="2019-11-17T17:49:20Z">
          <params>
            <param index="0">
              <value>
                <![CDATA[admin3]]>
              </value>
            </param>
            <param index="1">
              <value>
                <![CDATA[demo3]]>
              </value>
            </param>
          </params>
          <reporter-output>
          </reporter-output>
        </test-method> <!-- LoginToDemoTours -->
        <test-method status="PASS" signature="tearDown()[pri:0, instance:dataProvid.DemoTours@4232c52b]" name="tearDown" is-config="true" duration-ms="4279" started-at="2019-11-17T17:49:20Z" finished-at="2019-11-17T17:49:24Z">
          <reporter-output>
          </reporter-output>
        </test-method> <!-- tearDown -->
      </class> <!-- dataProvid.DemoTours -->
    </test> <!-- Default test -->
  </suite> <!-- Default suite -->
</testng-results>
