<?xml version="1.0" encoding="UTF-8"?>
<testng-results skipped="0" failed="0" ignored="0" total="1" passed="1">
  <reporter-output>
  </reporter-output>
  <suite name="Default suite" duration-ms="20853" started-at="2019-11-23T17:10:14Z" finished-at="2019-11-23T17:10:35Z">
    <groups>
    </groups>
    <test name="Default test" duration-ms="20853" started-at="2019-11-23T17:10:14Z" finished-at="2019-11-23T17:10:35Z">
      <class name="edu.testCase.LoginClassPageFactory">
        <test-method status="PASS" signature="loginVerify()[pri:0, instance:edu.testCase.LoginClassPageFactory@33f88ab]" name="loginVerify" duration-ms="20802" started-at="2019-11-23T17:10:14Z" finished-at="2019-11-23T17:10:35Z">
          <reporter-output>
          </reporter-output>
        </test-method> <!-- loginVerify -->
      </class> <!-- edu.testCase.LoginClassPageFactory -->
    </test> <!-- Default test -->
  </suite> <!-- Default suite -->
</testng-results>
